<?xml version="1.0" encoding="UTF-8"?>
<!-- Generated by org.testng.reporters.JUnitXMLReporter -->
<testsuite ignored="0" hostname="DELL" failures="0" tests="3" name="Testfirefox" time="34.448" errors="0" timestamp="2022-11-01T11:36:40 IST">
  <testcase classname="com.qa.testScripts.TC_AmazonSearch_001" name="Search" time="5.246"/>
  <testcase classname="com.qa.testScripts.TC_AmazonSearch_001" name="amazonSuggestions" time="5.312"/>
  <testcase classname="com.qa.testScripts.TC_AmazonSearch_001" name="signIn" time="3.286"/>
</testsuite> <!-- Testfirefox -->
