<?xml version="1.0" encoding="UTF-8"?>
<!-- Generated by org.testng.reporters.JUnitXMLReporter -->
<testsuite ignored="0" hostname="DELL" failures="1" tests="2" name="Testonchrome" time="24.076" errors="0" timestamp="2022-12-12T16:22:46 IST">
  <testcase classname="com.qa.testScripts.Tc_Exercise_05" name="mobileSearch" time="6.975"/>
  <testcase classname="com.qa.testScripts.Tc_Exercise_05" name="televisionSearch" time="6.888">
    <failure type="java.lang.AssertionError" message="The following asserts failed:
	expected [true] but found [false]">
      <![CDATA[java.lang.AssertionError: The following asserts failed:
expected [true] but found [false]
at com.qa.testScripts.Tc_Exercise_05.televisionSearch(Tc_Exercise_05.java:60)
at java.base/java.util.concurrent.ThreadPoolExecutor.runWorker(ThreadPoolExecutor.java:1136)
at java.base/java.util.concurrent.ThreadPoolExecutor$Worker.run(ThreadPoolExecutor.java:635)
at java.base/java.lang.Thread.run(Thread.java:833)
... Removed 14 stack frames]]>
    </failure>
  </testcase> <!-- televisionSearch -->
</testsuite> <!-- Testonchrome -->
