<?xml version="1.0" encoding="UTF-8"?>
<!-- Generated by org.testng.reporters.JUnitXMLReporter -->
<testsuite ignored="0" hostname="DELL" failures="0" tests="3" name="Test" time="43.256" errors="0" timestamp="2022-11-01T11:36:05 IST">
  <testcase classname="com.qa.testScripts.TC_AmazonSearch_001" name="Search" time="7.578"/>
  <testcase classname="com.qa.testScripts.TC_AmazonSearch_001" name="amazonSuggestions" time="10.999"/>
  <testcase classname="com.qa.testScripts.TC_AmazonSearch_001" name="signIn" time="4.736"/>
</testsuite> <!-- Test -->
