<?xml version="1.0" encoding="UTF-8"?>
<testng-results ignored="0" total="2" passed="1" failed="1" skipped="0">
  <reporter-output>
    <line>
      <![CDATA[Title matched]]>
    </line>
    <line>
      <![CDATA[title not matched]]>
    </line>
  </reporter-output>
  <suite started-at="2022-12-12T16:22:22 IST" name="amazonTest" finished-at="2022-12-12T16:22:46 IST" duration-ms="24076">
    <groups>
    </groups>
    <test started-at="2022-12-12T16:22:22 IST" name="Testonchrome" finished-at="2022-12-12T16:22:46 IST" duration-ms="24076">
      <class name="com.qa.testScripts.Tc_Exercise_05">
        <test-method is-config="true" signature="setUp(java.lang.String,java.lang.String)[pri:0, instance:com.qa.testScripts.Tc_Exercise_05@3d51f06e]" started-at="2022-12-12T16:22:23 IST" name="setUp" finished-at="2022-12-12T16:22:32 IST" duration-ms="9789" status="PASS">
          <params>
            <param index="0">
              <value>
                <![CDATA[chrome]]>
              </value>
            </param>
            <param index="1">
              <value>
                <![CDATA[https://www.amazon.in/]]>
              </value>
            </param>
          </params>
          <reporter-output>
          </reporter-output>
        </test-method> <!-- setUp -->
        <test-method signature="mobileSearch()[pri:0, instance:com.qa.testScripts.Tc_Exercise_05@3d51f06e]" started-at="2022-12-12T16:22:32 IST" name="mobileSearch" finished-at="2022-12-12T16:22:39 IST" duration-ms="6975" status="PASS">
          <reporter-output>
            <line>
              <![CDATA[Title matched]]>
            </line>
          </reporter-output>
        </test-method> <!-- mobileSearch -->
        <test-method signature="televisionSearch()[pri:0, instance:com.qa.testScripts.Tc_Exercise_05@3d51f06e]" started-at="2022-12-12T16:22:39 IST" name="televisionSearch" finished-at="2022-12-12T16:22:46 IST" duration-ms="6888" status="FAIL">
          <exception class="java.lang.AssertionError">
            <message>
              <![CDATA[The following asserts failed:
expected [true] but found [false]]]>
            </message>
            <full-stacktrace>
              <![CDATA[java.lang.AssertionError: The following asserts failed:
expected [true] but found [false]
at org.testng.asserts.SoftAssert.assertAll(SoftAssert.java:47)
at org.testng.asserts.SoftAssert.assertAll(SoftAssert.java:31)
at com.qa.testScripts.Tc_Exercise_05.televisionSearch(Tc_Exercise_05.java:60)
at java.base/jdk.internal.reflect.NativeMethodAccessorImpl.invoke0(Native Method)
at java.base/jdk.internal.reflect.NativeMethodAccessorImpl.invoke(NativeMethodAccessorImpl.java:77)
at java.base/jdk.internal.reflect.DelegatingMethodAccessorImpl.invoke(DelegatingMethodAccessorImpl.java:43)
at java.base/java.lang.reflect.Method.invoke(Method.java:568)
at org.testng.internal.MethodInvocationHelper.invokeMethod(MethodInvocationHelper.java:133)
at org.testng.internal.TestInvoker.invokeMethod(TestInvoker.java:598)
at org.testng.internal.TestInvoker.invokeTestMethod(TestInvoker.java:173)
at org.testng.internal.MethodRunner.runInSequence(MethodRunner.java:46)
at org.testng.internal.TestInvoker$MethodInvocationAgent.invoke(TestInvoker.java:824)
at org.testng.internal.TestInvoker.invokeTestMethods(TestInvoker.java:146)
at org.testng.internal.TestMethodWorker.invokeTestMethods(TestMethodWorker.java:146)
at org.testng.internal.TestMethodWorker.run(TestMethodWorker.java:128)
at java.base/java.util.concurrent.ThreadPoolExecutor.runWorker(ThreadPoolExecutor.java:1136)
at java.base/java.util.concurrent.ThreadPoolExecutor$Worker.run(ThreadPoolExecutor.java:635)
at java.base/java.lang.Thread.run(Thread.java:833)
]]>
            </full-stacktrace>
          </exception> <!-- java.lang.AssertionError -->
          <reporter-output>
            <line>
              <![CDATA[title not matched]]>
            </line>
          </reporter-output>
        </test-method> <!-- televisionSearch -->
        <test-method is-config="true" signature="tearDown()[pri:0, instance:com.qa.testScripts.Tc_Exercise_05@3d51f06e]" started-at="2022-12-12T16:22:46 IST" name="tearDown" finished-at="2022-12-12T16:22:46 IST" duration-ms="207" status="PASS">
          <reporter-output>
          </reporter-output>
        </test-method> <!-- tearDown -->
      </class> <!-- com.qa.testScripts.Tc_Exercise_05 -->
    </test> <!-- Testonchrome -->
  </suite> <!-- amazonTest -->
</testng-results>
